  main.cpp
c:\users\adamh\source\repos\starexercise\starexercise\main.cpp(33): warning C4305: 'initializing': truncation from 'double' to 'float'
c:\users\adamh\source\repos\starexercise\starexercise\main.cpp(34): warning C4305: 'initializing': truncation from 'double' to 'float'
c:\users\adamh\source\repos\starexercise\starexercise\main.cpp(128): warning C4244: '=': conversion from 'double' to 'GLfloat', possible loss of data
c:\users\adamh\source\repos\starexercise\starexercise\main.cpp(129): warning C4244: '=': conversion from 'double' to 'GLfloat', possible loss of data
c:\users\adamh\source\repos\starexercise\starexercise\main.cpp(133): warning C4244: '=': conversion from 'double' to 'GLfloat', possible loss of data
c:\users\adamh\source\repos\starexercise\starexercise\main.cpp(134): warning C4244: '=': conversion from 'double' to 'GLfloat', possible loss of data
c:\users\adamh\source\repos\starexercise\starexercise\main.cpp(139): warning C4244: 'argument': conversion from 'GLint' to 'GLfloat', possible loss of data
c:\users\adamh\source\repos\starexercise\starexercise\main.cpp(145): warning C4305: 'argument': truncation from 'double' to 'GLfloat'
c:\users\adamh\source\repos\starexercise\starexercise\main.cpp(151): warning C4305: 'argument': truncation from 'double' to 'GLfloat'
c:\users\adamh\source\repos\starexercise\starexercise\main.cpp(157): warning C4305: 'argument': truncation from 'double' to 'GLfloat'
c:\users\adamh\source\repos\starexercise\starexercise\main.cpp(163): warning C4305: 'argument': truncation from 'double' to 'GLfloat'
c:\users\adamh\source\repos\starexercise\starexercise\main.cpp(170): warning C4305: 'argument': truncation from 'double' to 'GLfloat'
c:\users\adamh\source\repos\starexercise\starexercise\main.cpp(176): warning C4305: 'argument': truncation from 'double' to 'GLfloat'
c:\users\adamh\source\repos\starexercise\starexercise\main.cpp(182): warning C4305: 'argument': truncation from 'double' to 'GLfloat'
c:\users\adamh\source\repos\starexercise\starexercise\main.cpp(188): warning C4305: 'argument': truncation from 'double' to 'GLfloat'
c:\users\adamh\source\repos\starexercise\starexercise\main.cpp(195): warning C4305: 'argument': truncation from 'double' to 'GLfloat'
c:\users\adamh\source\repos\starexercise\starexercise\main.cpp(201): warning C4305: 'argument': truncation from 'double' to 'GLfloat'
c:\users\adamh\source\repos\starexercise\starexercise\main.cpp(209): warning C4305: 'argument': truncation from 'double' to 'GLfloat'
c:\users\adamh\source\repos\starexercise\starexercise\main.cpp(215): warning C4305: 'argument': truncation from 'double' to 'GLfloat'
c:\users\adamh\source\repos\starexercise\starexercise\main.cpp(221): warning C4305: 'argument': truncation from 'double' to 'GLfloat'
c:\users\adamh\source\repos\starexercise\starexercise\main.cpp(227): warning C4305: 'argument': truncation from 'double' to 'GLfloat'
c:\users\adamh\source\repos\starexercise\starexercise\main.cpp(233): warning C4305: 'argument': truncation from 'double' to 'GLfloat'
c:\users\adamh\source\repos\starexercise\starexercise\main.cpp(239): warning C4305: 'argument': truncation from 'double' to 'GLfloat'
c:\users\adamh\source\repos\starexercise\starexercise\main.cpp(245): warning C4305: 'argument': truncation from 'double' to 'GLfloat'
c:\users\adamh\source\repos\starexercise\starexercise\main.cpp(251): warning C4305: 'argument': truncation from 'double' to 'GLfloat'
c:\users\adamh\source\repos\starexercise\starexercise\main.cpp(257): warning C4305: 'argument': truncation from 'double' to 'GLfloat'
c:\users\adamh\source\repos\starexercise\starexercise\main.cpp(263): warning C4305: 'argument': truncation from 'double' to 'GLfloat'
c:\users\adamh\source\repos\starexercise\starexercise\main.cpp(320): warning C4244: 'argument': conversion from 'GLint' to 'GLfloat', possible loss of data
c:\users\adamh\source\repos\starexercise\starexercise\main.cpp(327): warning C4244: 'argument': conversion from 'int' to 'GLfloat', possible loss of data
c:\users\adamh\source\repos\starexercise\starexercise\main.cpp(327): warning C4244: 'argument': conversion from 'double' to 'GLfloat', possible loss of data
c:\users\adamh\source\repos\starexercise\starexercise\main.cpp(328): warning C4244: 'argument': conversion from 'int' to 'GLfloat', possible loss of data
c:\users\adamh\source\repos\starexercise\starexercise\main.cpp(329): warning C4244: 'argument': conversion from 'int' to 'GLfloat', possible loss of data
c:\users\adamh\source\repos\starexercise\starexercise\main.cpp(330): warning C4244: 'argument': conversion from 'int' to 'GLfloat', possible loss of data
c:\users\adamh\source\repos\starexercise\starexercise\main.cpp(334): warning C4305: 'argument': truncation from 'double' to 'GLfloat'
c:\users\adamh\source\repos\starexercise\starexercise\main.cpp(352): warning C4305: 'argument': truncation from 'double' to 'GLfloat'
c:\users\adamh\source\repos\starexercise\starexercise\main.cpp(353): warning C4305: 'argument': truncation from 'double' to 'GLfloat'
c:\users\adamh\source\repos\starexercise\starexercise\main.cpp(410): warning C4244: 'initializing': conversion from 'double' to 'float', possible loss of data
c:\users\adamh\source\repos\starexercise\starexercise\main.cpp(413): warning C4244: 'initializing': conversion from 'double' to 'float', possible loss of data
c:\users\adamh\source\repos\starexercise\starexercise\main.cpp(414): warning C4244: 'initializing': conversion from 'double' to 'float', possible loss of data
c:\users\adamh\source\repos\starexercise\starexercise\main.cpp(441): warning C4244: '=': conversion from 'double' to 'float', possible loss of data
c:\users\adamh\source\repos\starexercise\starexercise\main.cpp(442): warning C4244: '=': conversion from 'double' to 'float', possible loss of data
c:\users\adamh\source\repos\starexercise\starexercise\main.cpp(449): warning C4244: '=': conversion from 'double' to 'float', possible loss of data
c:\users\adamh\source\repos\starexercise\starexercise\main.cpp(450): warning C4244: '=': conversion from 'double' to 'float', possible loss of data
  StarExercise.vcxproj -> C:\Users\adamh\source\repos\StarExercise\Debug\StarExercise.exe
